  4.5.cpp
  Date.cpp
D:\Lab-4\4.5\4.5\Date.cpp(145,6): warning C4101: ostatok: неиспользованная локальная переменная
D:\Lab-4\4.5\4.5\Date.cpp(165,17): warning C4244: =: преобразование "double" в "int", возможна потеря данных
D:\Lab-4\4.5\4.5\Date.cpp(166,17): warning C4244: =: преобразование "double" в "int", возможна потеря данных
D:\Lab-4\4.5\4.5\Date.cpp(167,15): warning C4244: =: преобразование "double" в "int", возможна потеря данных
D:\Lab-4\4.5\4.5\Date.cpp(164,6): warning C4101: ostatok: неиспользованная локальная переменная
  Time.cpp
D:\Lab-4\4.5\4.5\Time.cpp(137,90): warning C4244: =: преобразование "double" в "int", возможна потеря данных
D:\Lab-4\4.5\4.5\Time.cpp(138,102): warning C4244: =: преобразование "double" в "int", возможна потеря данных
D:\Lab-4\4.5\4.5\Time.cpp(139,102): warning C4244: =: преобразование "double" в "int", возможна потеря данных
D:\Lab-4\4.5\4.5\Time.cpp(136,6): warning C4101: ostatok: неиспользованная локальная переменная
D:\Lab-4\4.5\4.5\Time.cpp(156,16): warning C4244: =: преобразование "double" в "int", возможна потеря данных
D:\Lab-4\4.5\4.5\Time.cpp(157,15): warning C4244: =: преобразование "double" в "int", возможна потеря данных
D:\Lab-4\4.5\4.5\Time.cpp(158,15): warning C4244: =: преобразование "double" в "int", возможна потеря данных
D:\Lab-4\4.5\4.5\Time.cpp(155,6): warning C4101: ostatok: неиспользованная локальная переменная
  Triad.cpp
  Создание кода...
D:\Lab-4\4.5\4.5\Time.cpp(100): warning C4715: Time::Сomparison: значение возвращается не при всех путях выполнения
D:\Lab-4\4.5\4.5\Date.cpp(111): warning C4715: Date::Сomparison: значение возвращается не при всех путях выполнения
  4.5.vcxproj -> D:\Lab-4\4.5\Debug\4.5.exe
